CRITICAL - 2024-06-21 07:50:44 --> Declaration of App\Controllers\Auth::validate() must be compatible with CodeIgniter\Controller::validate($rules, array $messages = []): bool
in APPPATH/Controllers/Auth.php on line 14.
 1 [internal function]: CodeIgniter\Debug\Exceptions->shutdownHandler()
INFO - 2024-06-21 07:51:43 --> Session: Class initialized using 'CodeIgniter\Session\Handlers\FileHandler' driver.
INFO - 2024-06-21 07:53:51 --> Session: Class initialized using 'CodeIgniter\Session\Handlers\FileHandler' driver.
INFO - 2024-06-21 07:56:47 --> Session: Class initialized using 'CodeIgniter\Session\Handlers\FileHandler' driver.
INFO - 2024-06-21 07:56:53 --> Session: Class initialized using 'CodeIgniter\Session\Handlers\FileHandler' driver.
INFO - 2024-06-21 07:56:54 --> Session: Class initialized using 'CodeIgniter\Session\Handlers\FileHandler' driver.
INFO - 2024-06-21 07:59:38 --> Session: Class initialized using 'CodeIgniter\Session\Handlers\FileHandler' driver.
CRITICAL - 2024-06-21 07:59:38 --> Call to undefined function set_value()
in APPPATH/Views/welcome_message.php on line 132.
 1 SYSTEMPATH/View/View.php(213): include()
 2 SYSTEMPATH/View/View.php(216): CodeIgniter\View\View->CodeIgniter\View\{closure}()
 3 SYSTEMPATH/Common.php(1177): CodeIgniter\View\View->render('welcome_message', [], true)
 4 APPPATH/Controllers/Home.php(9): view('welcome_message')
 5 SYSTEMPATH/CodeIgniter.php(934): App\Controllers\Home->index()
 6 SYSTEMPATH/CodeIgniter.php(499): CodeIgniter\CodeIgniter->runController(Object(App\Controllers\Home))
 7 SYSTEMPATH/CodeIgniter.php(368): CodeIgniter\CodeIgniter->handleRequest(null, Object(Config\Cache), false)
 8 FCPATH/index.php(67): CodeIgniter\CodeIgniter->run()
INFO - 2024-06-21 08:01:50 --> Session: Class initialized using 'CodeIgniter\Session\Handlers\FileHandler' driver.
INFO - 2024-06-21 08:01:58 --> Session: Class initialized using 'CodeIgniter\Session\Handlers\FileHandler' driver.
INFO - 2024-06-21 08:02:00 --> Session: Class initialized using 'CodeIgniter\Session\Handlers\FileHandler' driver.
INFO - 2024-06-21 08:02:12 --> Session: Class initialized using 'CodeIgniter\Session\Handlers\FileHandler' driver.
INFO - 2024-06-21 08:02:14 --> Session: Class initialized using 'CodeIgniter\Session\Handlers\FileHandler' driver.
INFO - 2024-06-21 08:03:56 --> Session: Class initialized using 'CodeIgniter\Session\Handlers\FileHandler' driver.
INFO - 2024-06-21 08:04:09 --> Session: Class initialized using 'CodeIgniter\Session\Handlers\FileHandler' driver.
INFO - 2024-06-21 08:04:11 --> Session: Class initialized using 'CodeIgniter\Session\Handlers\FileHandler' driver.
ERROR - 2024-06-21 08:04:25 --> Error connecting to the database: mysqli_sql_exception: No such file or directory in /var/www/html/system/Database/MySQLi/Connection.php:173
Stack trace:
#0 /var/www/html/system/Database/MySQLi/Connection.php(173): mysqli->real_connect('localhost', '', Object(SensitiveParameterValue), '', 3306, '', 0)
#1 /var/www/html/system/Database/BaseConnection.php(391): CodeIgniter\Database\MySQLi\Connection->connect(false)
#2 /var/www/html/system/Database/BaseConnection.php(573): CodeIgniter\Database\BaseConnection->initialize()
#3 /var/www/html/system/Database/BaseBuilder.php(1602): CodeIgniter\Database\BaseConnection->query('SELECT *\nFROM `...', Array, false)
#4 /var/www/html/system/Model.php(267): CodeIgniter\Database\BaseBuilder->get()
#5 /var/www/html/system/BaseModel.php(656): CodeIgniter\Model->doFirst()
#6 /var/www/html/app/Controllers/Auth.php(32): CodeIgniter\BaseModel->first()
#7 /var/www/html/system/CodeIgniter.php(934): App\Controllers\Auth->auth()
#8 /var/www/html/system/CodeIgniter.php(499): CodeIgniter\CodeIgniter->runController(Object(App\Controllers\Auth))
#9 /var/www/html/system/CodeIgniter.php(368): CodeIgniter\CodeIgniter->handleRequest(NULL, Object(Config\Cache), false)
#10 /var/www/html/public/index.php(67): CodeIgniter\CodeIgniter->run()
#11 {main}

Next CodeIgniter\Database\Exceptions\DatabaseException: No such file or directory in /var/www/html/system/Database/MySQLi/Connection.php:218
Stack trace:
#0 /var/www/html/system/Database/BaseConnection.php(391): CodeIgniter\Database\MySQLi\Connection->connect(false)
#1 /var/www/html/system/Database/BaseConnection.php(573): CodeIgniter\Database\BaseConnection->initialize()
#2 /var/www/html/system/Database/BaseBuilder.php(1602): CodeIgniter\Database\BaseConnection->query('SELECT *\nFROM `...', Array, false)
#3 /var/www/html/system/Model.php(267): CodeIgniter\Database\BaseBuilder->get()
#4 /var/www/html/system/BaseModel.php(656): CodeIgniter\Model->doFirst()
#5 /var/www/html/app/Controllers/Auth.php(32): CodeIgniter\BaseModel->first()
#6 /var/www/html/system/CodeIgniter.php(934): App\Controllers\Auth->auth()
#7 /var/www/html/system/CodeIgniter.php(499): CodeIgniter\CodeIgniter->runController(Object(App\Controllers\Auth))
#8 /var/www/html/system/CodeIgniter.php(368): CodeIgniter\CodeIgniter->handleRequest(NULL, Object(Config\Cache), false)
#9 /var/www/html/public/index.php(67): CodeIgniter\CodeIgniter->run()
#10 {main}
CRITICAL - 2024-06-21 08:04:25 --> Unable to connect to the database.
Main connection [MySQLi]: No such file or directory
in SYSTEMPATH/Database/BaseConnection.php on line 427.
 1 SYSTEMPATH/Database/BaseConnection.php(573): CodeIgniter\Database\BaseConnection->initialize()
 2 SYSTEMPATH/Database/BaseBuilder.php(1602): CodeIgniter\Database\BaseConnection->query('SELECT *
FROM `tblaccount`
WHERE `EmailAddress` = :EmailAddress:
AND `Status` = :Status:
 LIMIT 1', [...], false)
 3 SYSTEMPATH/Model.php(267): CodeIgniter\Database\BaseBuilder->get()
 4 SYSTEMPATH/BaseModel.php(656): CodeIgniter\Model->doFirst()
 5 APPPATH/Controllers/Auth.php(32): CodeIgniter\BaseModel->first()
 6 SYSTEMPATH/CodeIgniter.php(934): App\Controllers\Auth->auth()
 7 SYSTEMPATH/CodeIgniter.php(499): CodeIgniter\CodeIgniter->runController(Object(App\Controllers\Auth))
 8 SYSTEMPATH/CodeIgniter.php(368): CodeIgniter\CodeIgniter->handleRequest(null, Object(Config\Cache), false)
 9 FCPATH/index.php(67): CodeIgniter\CodeIgniter->run()
INFO - 2024-06-21 08:04:32 --> Session: Class initialized using 'CodeIgniter\Session\Handlers\FileHandler' driver.
INFO - 2024-06-21 08:06:22 --> Session: Class initialized using 'CodeIgniter\Session\Handlers\FileHandler' driver.
ERROR - 2024-06-21 08:06:32 --> Error connecting to the database: mysqli_sql_exception: No such file or directory in /var/www/html/system/Database/MySQLi/Connection.php:173
Stack trace:
#0 /var/www/html/system/Database/MySQLi/Connection.php(173): mysqli->real_connect('localhost', 'docker', Object(SensitiveParameterValue), 'docker', 3306, '', 0)
#1 /var/www/html/system/Database/BaseConnection.php(391): CodeIgniter\Database\MySQLi\Connection->connect(false)
#2 /var/www/html/system/Database/BaseConnection.php(573): CodeIgniter\Database\BaseConnection->initialize()
#3 /var/www/html/system/Database/BaseBuilder.php(1602): CodeIgniter\Database\BaseConnection->query('SELECT *\nFROM `...', Array, false)
#4 /var/www/html/system/Model.php(267): CodeIgniter\Database\BaseBuilder->get()
#5 /var/www/html/system/BaseModel.php(656): CodeIgniter\Model->doFirst()
#6 /var/www/html/app/Controllers/Auth.php(32): CodeIgniter\BaseModel->first()
#7 /var/www/html/system/CodeIgniter.php(934): App\Controllers\Auth->auth()
#8 /var/www/html/system/CodeIgniter.php(499): CodeIgniter\CodeIgniter->runController(Object(App\Controllers\Auth))
#9 /var/www/html/system/CodeIgniter.php(368): CodeIgniter\CodeIgniter->handleRequest(NULL, Object(Config\Cache), false)
#10 /var/www/html/public/index.php(67): CodeIgniter\CodeIgniter->run()
#11 {main}

Next CodeIgniter\Database\Exceptions\DatabaseException: No such file or directory in /var/www/html/system/Database/MySQLi/Connection.php:218
Stack trace:
#0 /var/www/html/system/Database/BaseConnection.php(391): CodeIgniter\Database\MySQLi\Connection->connect(false)
#1 /var/www/html/system/Database/BaseConnection.php(573): CodeIgniter\Database\BaseConnection->initialize()
#2 /var/www/html/system/Database/BaseBuilder.php(1602): CodeIgniter\Database\BaseConnection->query('SELECT *\nFROM `...', Array, false)
#3 /var/www/html/system/Model.php(267): CodeIgniter\Database\BaseBuilder->get()
#4 /var/www/html/system/BaseModel.php(656): CodeIgniter\Model->doFirst()
#5 /var/www/html/app/Controllers/Auth.php(32): CodeIgniter\BaseModel->first()
#6 /var/www/html/system/CodeIgniter.php(934): App\Controllers\Auth->auth()
#7 /var/www/html/system/CodeIgniter.php(499): CodeIgniter\CodeIgniter->runController(Object(App\Controllers\Auth))
#8 /var/www/html/system/CodeIgniter.php(368): CodeIgniter\CodeIgniter->handleRequest(NULL, Object(Config\Cache), false)
#9 /var/www/html/public/index.php(67): CodeIgniter\CodeIgniter->run()
#10 {main}
CRITICAL - 2024-06-21 08:06:32 --> Unable to connect to the database.
Main connection [MySQLi]: No such file or directory
in SYSTEMPATH/Database/BaseConnection.php on line 427.
 1 SYSTEMPATH/Database/BaseConnection.php(573): CodeIgniter\Database\BaseConnection->initialize()
 2 SYSTEMPATH/Database/BaseBuilder.php(1602): CodeIgniter\Database\BaseConnection->query('SELECT *
FROM `tblaccount`
WHERE `EmailAddress` = :EmailAddress:
AND `Status` = :Status:
 LIMIT 1', [...], false)
 3 SYSTEMPATH/Model.php(267): CodeIgniter\Database\BaseBuilder->get()
 4 SYSTEMPATH/BaseModel.php(656): CodeIgniter\Model->doFirst()
 5 APPPATH/Controllers/Auth.php(32): CodeIgniter\BaseModel->first()
 6 SYSTEMPATH/CodeIgniter.php(934): App\Controllers\Auth->auth()
 7 SYSTEMPATH/CodeIgniter.php(499): CodeIgniter\CodeIgniter->runController(Object(App\Controllers\Auth))
 8 SYSTEMPATH/CodeIgniter.php(368): CodeIgniter\CodeIgniter->handleRequest(null, Object(Config\Cache), false)
 9 FCPATH/index.php(67): CodeIgniter\CodeIgniter->run()
INFO - 2024-06-21 08:06:48 --> Session: Class initialized using 'CodeIgniter\Session\Handlers\FileHandler' driver.
ERROR - 2024-06-21 08:10:48 --> Error connecting to the database: mysqli_sql_exception: Connection refused in /var/www/html/system/Database/MySQLi/Connection.php:173
Stack trace:
#0 /var/www/html/system/Database/MySQLi/Connection.php(173): mysqli->real_connect('localhost:8080', 'root', Object(SensitiveParameterValue), 'docker', 3306, '', 0)
#1 /var/www/html/system/Database/BaseConnection.php(391): CodeIgniter\Database\MySQLi\Connection->connect(false)
#2 /var/www/html/system/Database/BaseConnection.php(573): CodeIgniter\Database\BaseConnection->initialize()
#3 /var/www/html/system/Database/BaseBuilder.php(1602): CodeIgniter\Database\BaseConnection->query('SELECT *\nFROM `...', Array, false)
#4 /var/www/html/system/Model.php(267): CodeIgniter\Database\BaseBuilder->get()
#5 /var/www/html/system/BaseModel.php(656): CodeIgniter\Model->doFirst()
#6 /var/www/html/app/Controllers/Auth.php(32): CodeIgniter\BaseModel->first()
#7 /var/www/html/system/CodeIgniter.php(934): App\Controllers\Auth->auth()
#8 /var/www/html/system/CodeIgniter.php(499): CodeIgniter\CodeIgniter->runController(Object(App\Controllers\Auth))
#9 /var/www/html/system/CodeIgniter.php(368): CodeIgniter\CodeIgniter->handleRequest(NULL, Object(Config\Cache), false)
#10 /var/www/html/public/index.php(67): CodeIgniter\CodeIgniter->run()
#11 {main}

Next CodeIgniter\Database\Exceptions\DatabaseException: Connection refused in /var/www/html/system/Database/MySQLi/Connection.php:218
Stack trace:
#0 /var/www/html/system/Database/BaseConnection.php(391): CodeIgniter\Database\MySQLi\Connection->connect(false)
#1 /var/www/html/system/Database/BaseConnection.php(573): CodeIgniter\Database\BaseConnection->initialize()
#2 /var/www/html/system/Database/BaseBuilder.php(1602): CodeIgniter\Database\BaseConnection->query('SELECT *\nFROM `...', Array, false)
#3 /var/www/html/system/Model.php(267): CodeIgniter\Database\BaseBuilder->get()
#4 /var/www/html/system/BaseModel.php(656): CodeIgniter\Model->doFirst()
#5 /var/www/html/app/Controllers/Auth.php(32): CodeIgniter\BaseModel->first()
#6 /var/www/html/system/CodeIgniter.php(934): App\Controllers\Auth->auth()
#7 /var/www/html/system/CodeIgniter.php(499): CodeIgniter\CodeIgniter->runController(Object(App\Controllers\Auth))
#8 /var/www/html/system/CodeIgniter.php(368): CodeIgniter\CodeIgniter->handleRequest(NULL, Object(Config\Cache), false)
#9 /var/www/html/public/index.php(67): CodeIgniter\CodeIgniter->run()
#10 {main}
CRITICAL - 2024-06-21 08:10:48 --> Unable to connect to the database.
Main connection [MySQLi]: Connection refused
in SYSTEMPATH/Database/BaseConnection.php on line 427.
 1 SYSTEMPATH/Database/BaseConnection.php(573): CodeIgniter\Database\BaseConnection->initialize()
 2 SYSTEMPATH/Database/BaseBuilder.php(1602): CodeIgniter\Database\BaseConnection->query('SELECT *
FROM `tblaccount`
WHERE `EmailAddress` = :EmailAddress:
AND `Status` = :Status:
 LIMIT 1', [...], false)
 3 SYSTEMPATH/Model.php(267): CodeIgniter\Database\BaseBuilder->get()
 4 SYSTEMPATH/BaseModel.php(656): CodeIgniter\Model->doFirst()
 5 APPPATH/Controllers/Auth.php(32): CodeIgniter\BaseModel->first()
 6 SYSTEMPATH/CodeIgniter.php(934): App\Controllers\Auth->auth()
 7 SYSTEMPATH/CodeIgniter.php(499): CodeIgniter\CodeIgniter->runController(Object(App\Controllers\Auth))
 8 SYSTEMPATH/CodeIgniter.php(368): CodeIgniter\CodeIgniter->handleRequest(null, Object(Config\Cache), false)
 9 FCPATH/index.php(67): CodeIgniter\CodeIgniter->run()
INFO - 2024-06-21 08:11:04 --> Session: Class initialized using 'CodeIgniter\Session\Handlers\FileHandler' driver.
INFO - 2024-06-21 08:12:07 --> Session: Class initialized using 'CodeIgniter\Session\Handlers\FileHandler' driver.
INFO - 2024-06-21 08:12:09 --> Session: Class initialized using 'CodeIgniter\Session\Handlers\FileHandler' driver.
INFO - 2024-06-21 08:46:58 --> Session: Class initialized using 'CodeIgniter\Session\Handlers\FileHandler' driver.
INFO - 2024-06-21 08:48:45 --> Session: Class initialized using 'CodeIgniter\Session\Handlers\FileHandler' driver.
INFO - 2024-06-21 08:52:07 --> Session: Class initialized using 'CodeIgniter\Session\Handlers\FileHandler' driver.
INFO - 2024-06-21 09:06:34 --> Session: Class initialized using 'CodeIgniter\Session\Handlers\FileHandler' driver.
CRITICAL - 2024-06-21 09:06:46 --> Undefined array key "password"
in APPPATH/Controllers/Auth.php on line 40.
 1 APPPATH/Controllers/Auth.php(40): CodeIgniter\Debug\Exceptions->errorHandler(2, 'Undefined array key "password"', 'APPPATH/Controllers/Auth.php', 40)
 2 SYSTEMPATH/CodeIgniter.php(934): App\Controllers\Auth->auth()
 3 SYSTEMPATH/CodeIgniter.php(499): CodeIgniter\CodeIgniter->runController(Object(App\Controllers\Auth))
 4 SYSTEMPATH/CodeIgniter.php(368): CodeIgniter\CodeIgniter->handleRequest(null, Object(Config\Cache), false)
 5 FCPATH/index.php(67): CodeIgniter\CodeIgniter->run()
INFO - 2024-06-21 09:07:29 --> Session: Class initialized using 'CodeIgniter\Session\Handlers\FileHandler' driver.
INFO - 2024-06-21 09:11:25 --> Session: Class initialized using 'CodeIgniter\Session\Handlers\FileHandler' driver.
INFO - 2024-06-21 09:11:26 --> Session: Class initialized using 'CodeIgniter\Session\Handlers\FileHandler' driver.
INFO - 2024-06-21 09:14:04 --> Session: Class initialized using 'CodeIgniter\Session\Handlers\FileHandler' driver.
INFO - 2024-06-21 09:14:12 --> Session: Class initialized using 'CodeIgniter\Session\Handlers\FileHandler' driver.
INFO - 2024-06-21 09:14:44 --> Session: Class initialized using 'CodeIgniter\Session\Handlers\FileHandler' driver.
INFO - 2024-06-21 09:20:38 --> Session: Class initialized using 'CodeIgniter\Session\Handlers\FileHandler' driver.
INFO - 2024-06-21 09:20:40 --> Session: Class initialized using 'CodeIgniter\Session\Handlers\FileHandler' driver.
INFO - 2024-06-21 09:22:23 --> Session: Class initialized using 'CodeIgniter\Session\Handlers\FileHandler' driver.
INFO - 2024-06-21 09:23:03 --> Session: Class initialized using 'CodeIgniter\Session\Handlers\FileHandler' driver.
INFO - 2024-06-21 09:29:36 --> Session: Class initialized using 'CodeIgniter\Session\Handlers\FileHandler' driver.
INFO - 2024-06-21 09:30:12 --> Session: Class initialized using 'CodeIgniter\Session\Handlers\FileHandler' driver.
INFO - 2024-06-21 09:31:54 --> Session: Class initialized using 'CodeIgniter\Session\Handlers\FileHandler' driver.
INFO - 2024-06-21 09:32:55 --> Session: Class initialized using 'CodeIgniter\Session\Handlers\FileHandler' driver.
INFO - 2024-06-21 09:35:46 --> Session: Class initialized using 'CodeIgniter\Session\Handlers\FileHandler' driver.
INFO - 2024-06-21 09:42:38 --> Session: Class initialized using 'CodeIgniter\Session\Handlers\FileHandler' driver.
INFO - 2024-06-21 09:43:51 --> Session: Class initialized using 'CodeIgniter\Session\Handlers\FileHandler' driver.
INFO - 2024-06-21 09:45:00 --> Session: Class initialized using 'CodeIgniter\Session\Handlers\FileHandler' driver.
INFO - 2024-06-21 09:45:40 --> Session: Class initialized using 'CodeIgniter\Session\Handlers\FileHandler' driver.
INFO - 2024-06-21 09:46:45 --> Session: Class initialized using 'CodeIgniter\Session\Handlers\FileHandler' driver.
INFO - 2024-06-21 09:50:48 --> Session: Class initialized using 'CodeIgniter\Session\Handlers\FileHandler' driver.
INFO - 2024-06-21 09:50:50 --> Session: Class initialized using 'CodeIgniter\Session\Handlers\FileHandler' driver.
INFO - 2024-06-21 09:51:12 --> Session: Class initialized using 'CodeIgniter\Session\Handlers\FileHandler' driver.
INFO - 2024-06-21 09:51:13 --> Session: Class initialized using 'CodeIgniter\Session\Handlers\FileHandler' driver.
INFO - 2024-06-21 09:51:55 --> Session: Class initialized using 'CodeIgniter\Session\Handlers\FileHandler' driver.
INFO - 2024-06-21 09:51:57 --> Session: Class initialized using 'CodeIgniter\Session\Handlers\FileHandler' driver.
INFO - 2024-06-21 09:55:40 --> Session: Class initialized using 'CodeIgniter\Session\Handlers\FileHandler' driver.
INFO - 2024-06-21 09:55:42 --> Session: Class initialized using 'CodeIgniter\Session\Handlers\FileHandler' driver.
INFO - 2024-06-21 12:08:37 --> Session: Class initialized using 'CodeIgniter\Session\Handlers\FileHandler' driver.
INFO - 2024-06-21 12:19:23 --> Session: Class initialized using 'CodeIgniter\Session\Handlers\FileHandler' driver.
INFO - 2024-06-21 12:22:20 --> Session: Class initialized using 'CodeIgniter\Session\Handlers\FileHandler' driver.
INFO - 2024-06-21 12:22:41 --> Session: Class initialized using 'CodeIgniter\Session\Handlers\FileHandler' driver.
INFO - 2024-06-21 12:23:01 --> Session: Class initialized using 'CodeIgniter\Session\Handlers\FileHandler' driver.
INFO - 2024-06-21 12:23:44 --> Session: Class initialized using 'CodeIgniter\Session\Handlers\FileHandler' driver.
INFO - 2024-06-21 12:24:26 --> Session: Class initialized using 'CodeIgniter\Session\Handlers\FileHandler' driver.
INFO - 2024-06-21 12:24:28 --> Session: Class initialized using 'CodeIgniter\Session\Handlers\FileHandler' driver.
INFO - 2024-06-21 12:25:03 --> Session: Class initialized using 'CodeIgniter\Session\Handlers\FileHandler' driver.
INFO - 2024-06-21 12:25:05 --> Session: Class initialized using 'CodeIgniter\Session\Handlers\FileHandler' driver.
INFO - 2024-06-21 12:25:47 --> Session: Class initialized using 'CodeIgniter\Session\Handlers\FileHandler' driver.
INFO - 2024-06-21 12:26:16 --> Session: Class initialized using 'CodeIgniter\Session\Handlers\FileHandler' driver.
INFO - 2024-06-21 12:26:17 --> Session: Class initialized using 'CodeIgniter\Session\Handlers\FileHandler' driver.
INFO - 2024-06-21 12:30:27 --> Session: Class initialized using 'CodeIgniter\Session\Handlers\FileHandler' driver.
INFO - 2024-06-21 12:40:37 --> Session: Class initialized using 'CodeIgniter\Session\Handlers\FileHandler' driver.
INFO - 2024-06-21 12:40:50 --> Session: Class initialized using 'CodeIgniter\Session\Handlers\FileHandler' driver.
INFO - 2024-06-21 12:44:14 --> Session: Class initialized using 'CodeIgniter\Session\Handlers\FileHandler' driver.
INFO - 2024-06-21 12:48:09 --> Session: Class initialized using 'CodeIgniter\Session\Handlers\FileHandler' driver.
INFO - 2024-06-21 12:50:10 --> Session: Class initialized using 'CodeIgniter\Session\Handlers\FileHandler' driver.
INFO - 2024-06-21 12:51:51 --> Session: Class initialized using 'CodeIgniter\Session\Handlers\FileHandler' driver.
INFO - 2024-06-21 12:56:52 --> Session: Class initialized using 'CodeIgniter\Session\Handlers\FileHandler' driver.
INFO - 2024-06-21 12:57:07 --> Session: Class initialized using 'CodeIgniter\Session\Handlers\FileHandler' driver.
INFO - 2024-06-21 12:57:53 --> Session: Class initialized using 'CodeIgniter\Session\Handlers\FileHandler' driver.
INFO - 2024-06-21 13:00:00 --> Session: Class initialized using 'CodeIgniter\Session\Handlers\FileHandler' driver.
INFO - 2024-06-21 13:19:23 --> Session: Class initialized using 'CodeIgniter\Session\Handlers\FileHandler' driver.
INFO - 2024-06-21 13:26:29 --> Session: Class initialized using 'CodeIgniter\Session\Handlers\FileHandler' driver.
INFO - 2024-06-21 13:42:24 --> Session: Class initialized using 'CodeIgniter\Session\Handlers\FileHandler' driver.
INFO - 2024-06-21 13:44:24 --> Session: Class initialized using 'CodeIgniter\Session\Handlers\FileHandler' driver.
INFO - 2024-06-21 13:49:18 --> Session: Class initialized using 'CodeIgniter\Session\Handlers\FileHandler' driver.
INFO - 2024-06-21 13:55:37 --> Session: Class initialized using 'CodeIgniter\Session\Handlers\FileHandler' driver.
INFO - 2024-06-21 14:02:59 --> Session: Class initialized using 'CodeIgniter\Session\Handlers\FileHandler' driver.
INFO - 2024-06-21 14:13:59 --> Session: Class initialized using 'CodeIgniter\Session\Handlers\FileHandler' driver.
INFO - 2024-06-21 14:17:37 --> Session: Class initialized using 'CodeIgniter\Session\Handlers\FileHandler' driver.
INFO - 2024-06-21 14:25:17 --> Session: Class initialized using 'CodeIgniter\Session\Handlers\FileHandler' driver.
INFO - 2024-06-21 14:33:58 --> Session: Class initialized using 'CodeIgniter\Session\Handlers\FileHandler' driver.
INFO - 2024-06-21 14:35:14 --> Session: Class initialized using 'CodeIgniter\Session\Handlers\FileHandler' driver.
INFO - 2024-06-21 14:36:35 --> Session: Class initialized using 'CodeIgniter\Session\Handlers\FileHandler' driver.
INFO - 2024-06-21 14:36:46 --> Session: Class initialized using 'CodeIgniter\Session\Handlers\FileHandler' driver.
INFO - 2024-06-21 14:36:48 --> Session: Class initialized using 'CodeIgniter\Session\Handlers\FileHandler' driver.
