INFO - 2024-06-24 00:50:33 --> Session: Class initialized using 'CodeIgniter\Session\Handlers\FileHandler' driver.
INFO - 2024-06-24 00:50:43 --> Session: Class initialized using 'CodeIgniter\Session\Handlers\FileHandler' driver.
INFO - 2024-06-24 00:50:58 --> Session: Class initialized using 'CodeIgniter\Session\Handlers\FileHandler' driver.
INFO - 2024-06-24 00:50:59 --> Session: Class initialized using 'CodeIgniter\Session\Handlers\FileHandler' driver.
INFO - 2024-06-24 00:51:06 --> Session: Class initialized using 'CodeIgniter\Session\Handlers\FileHandler' driver.
INFO - 2024-06-24 00:51:11 --> Session: Class initialized using 'CodeIgniter\Session\Handlers\FileHandler' driver.
INFO - 2024-06-24 00:51:29 --> Session: Class initialized using 'CodeIgniter\Session\Handlers\FileHandler' driver.
INFO - 2024-06-24 00:52:01 --> Session: Class initialized using 'CodeIgniter\Session\Handlers\FileHandler' driver.
INFO - 2024-06-24 00:52:09 --> Session: Class initialized using 'CodeIgniter\Session\Handlers\FileHandler' driver.
INFO - 2024-06-24 00:53:39 --> Session: Class initialized using 'CodeIgniter\Session\Handlers\FileHandler' driver.
INFO - 2024-06-24 00:53:43 --> Session: Class initialized using 'CodeIgniter\Session\Handlers\FileHandler' driver.
INFO - 2024-06-24 00:54:04 --> Session: Class initialized using 'CodeIgniter\Session\Handlers\FileHandler' driver.
INFO - 2024-06-24 00:54:12 --> Session: Class initialized using 'CodeIgniter\Session\Handlers\FileHandler' driver.
INFO - 2024-06-24 00:54:16 --> Session: Class initialized using 'CodeIgniter\Session\Handlers\FileHandler' driver.
INFO - 2024-06-24 00:54:22 --> Session: Class initialized using 'CodeIgniter\Session\Handlers\FileHandler' driver.
INFO - 2024-06-24 02:25:05 --> Session: Class initialized using 'CodeIgniter\Session\Handlers\FileHandler' driver.
INFO - 2024-06-24 02:31:36 --> Session: Class initialized using 'CodeIgniter\Session\Handlers\FileHandler' driver.
INFO - 2024-06-24 02:36:53 --> Session: Class initialized using 'CodeIgniter\Session\Handlers\FileHandler' driver.
INFO - 2024-06-24 02:45:08 --> Session: Class initialized using 'CodeIgniter\Session\Handlers\FileHandler' driver.
INFO - 2024-06-24 02:47:44 --> Session: Class initialized using 'CodeIgniter\Session\Handlers\FileHandler' driver.
INFO - 2024-06-24 02:52:17 --> Session: Class initialized using 'CodeIgniter\Session\Handlers\FileHandler' driver.
INFO - 2024-06-24 02:54:28 --> Session: Class initialized using 'CodeIgniter\Session\Handlers\FileHandler' driver.
INFO - 2024-06-24 02:55:33 --> Session: Class initialized using 'CodeIgniter\Session\Handlers\FileHandler' driver.
INFO - 2024-06-24 02:55:56 --> Session: Class initialized using 'CodeIgniter\Session\Handlers\FileHandler' driver.
CRITICAL - 2024-06-24 03:04:30 --> Undefined variable $routest
in APPPATH/Config/Routes.php on line 44.
 1 APPPATH/Config/Routes.php(44): CodeIgniter\Debug\Exceptions->errorHandler(2, 'Undefined variable $routest', 'APPPATH/Config/Routes.php', 44)
 2 SYSTEMPATH/Router/RouteCollection.php(266): require('APPPATH/Config/Routes.php')
 3 SYSTEMPATH/CodeIgniter.php(802): CodeIgniter\Router\RouteCollection->loadRoutes()
 4 SYSTEMPATH/CodeIgniter.php(449): CodeIgniter\CodeIgniter->tryToRouteIt(null)
 5 SYSTEMPATH/CodeIgniter.php(368): CodeIgniter\CodeIgniter->handleRequest(null, Object(Config\Cache), false)
 6 FCPATH/index.php(67): CodeIgniter\CodeIgniter->run()
INFO - 2024-06-24 03:04:45 --> Session: Class initialized using 'CodeIgniter\Session\Handlers\FileHandler' driver.
INFO - 2024-06-24 03:05:13 --> Session: Class initialized using 'CodeIgniter\Session\Handlers\FileHandler' driver.
INFO - 2024-06-24 03:05:25 --> Session: Class initialized using 'CodeIgniter\Session\Handlers\FileHandler' driver.
INFO - 2024-06-24 03:11:24 --> Session: Class initialized using 'CodeIgniter\Session\Handlers\FileHandler' driver.
INFO - 2024-06-24 03:14:49 --> Session: Class initialized using 'CodeIgniter\Session\Handlers\FileHandler' driver.
INFO - 2024-06-24 03:16:59 --> Session: Class initialized using 'CodeIgniter\Session\Handlers\FileHandler' driver.
INFO - 2024-06-24 03:19:57 --> Session: Class initialized using 'CodeIgniter\Session\Handlers\FileHandler' driver.
INFO - 2024-06-24 03:20:04 --> Session: Class initialized using 'CodeIgniter\Session\Handlers\FileHandler' driver.
INFO - 2024-06-24 03:22:15 --> Session: Class initialized using 'CodeIgniter\Session\Handlers\FileHandler' driver.
INFO - 2024-06-24 03:22:41 --> Session: Class initialized using 'CodeIgniter\Session\Handlers\FileHandler' driver.
INFO - 2024-06-24 03:25:27 --> Session: Class initialized using 'CodeIgniter\Session\Handlers\FileHandler' driver.
INFO - 2024-06-24 03:27:16 --> Session: Class initialized using 'CodeIgniter\Session\Handlers\FileHandler' driver.
INFO - 2024-06-24 03:27:33 --> Session: Class initialized using 'CodeIgniter\Session\Handlers\FileHandler' driver.
INFO - 2024-06-24 03:27:57 --> Session: Class initialized using 'CodeIgniter\Session\Handlers\FileHandler' driver.
INFO - 2024-06-24 03:28:25 --> Session: Class initialized using 'CodeIgniter\Session\Handlers\FileHandler' driver.
INFO - 2024-06-24 03:28:56 --> Session: Class initialized using 'CodeIgniter\Session\Handlers\FileHandler' driver.
INFO - 2024-06-24 03:33:56 --> Session: Class initialized using 'CodeIgniter\Session\Handlers\FileHandler' driver.
INFO - 2024-06-24 03:35:58 --> Session: Class initialized using 'CodeIgniter\Session\Handlers\FileHandler' driver.
INFO - 2024-06-24 03:57:04 --> Session: Class initialized using 'CodeIgniter\Session\Handlers\FileHandler' driver.
INFO - 2024-06-24 04:14:05 --> Session: Class initialized using 'CodeIgniter\Session\Handlers\FileHandler' driver.
INFO - 2024-06-24 04:15:01 --> Session: Class initialized using 'CodeIgniter\Session\Handlers\FileHandler' driver.
ERROR - 2024-06-24 04:19:33 --> mysqli_sql_exception: You have an error in your SQL syntax; check the manual that corresponds to your MySQL server version for the right syntax to use near 'LIKE '%%' ESCAPE '!'' at line 4 in /var/www/html/system/Database/MySQLi/Connection.php:295
Stack trace:
#0 /var/www/html/system/Database/MySQLi/Connection.php(295): mysqli->query('SELECT `a`.`Reg...', 0)
#1 /var/www/html/system/Database/BaseConnection.php(691): CodeIgniter\Database\MySQLi\Connection->execute('SELECT `a`.`Reg...')
#2 /var/www/html/system/Database/BaseConnection.php(605): CodeIgniter\Database\BaseConnection->simpleQuery('SELECT `a`.`Reg...')
#3 /var/www/html/system/Database/BaseBuilder.php(1602): CodeIgniter\Database\BaseConnection->query('SELECT `a`.`Reg...', Array, false)
#4 /var/www/html/app/Controllers/Home.php(306): CodeIgniter\Database\BaseBuilder->get()
#5 /var/www/html/system/CodeIgniter.php(934): App\Controllers\Home->searchRegions()
#6 /var/www/html/system/CodeIgniter.php(499): CodeIgniter\CodeIgniter->runController(Object(App\Controllers\Home))
#7 /var/www/html/system/CodeIgniter.php(368): CodeIgniter\CodeIgniter->handleRequest(NULL, Object(Config\Cache), false)
#8 /var/www/html/public/index.php(67): CodeIgniter\CodeIgniter->run()
#9 {main}
CRITICAL - 2024-06-24 04:19:34 --> You have an error in your SQL syntax; check the manual that corresponds to your MySQL server version for the right syntax to use near 'LIKE '%%' ESCAPE '!'' at line 4
in SYSTEMPATH/Database/BaseConnection.php on line 645.
 1 SYSTEMPATH/Database/BaseBuilder.php(1602): CodeIgniter\Database\BaseConnection->query('SELECT `a`.`RegionName`, `a`.`DateCreated`, `a`.`regionID`, `b`.`Name`
FROM `tblregion` `a`
LEFT JOIN `tblzone` `b` ON `b`.`zoneID`=`a`.`zoneID`
WHERE  LIKE :: ESCAPE \'!\'', [...], false)
 2 APPPATH/Controllers/Home.php(306): CodeIgniter\Database\BaseBuilder->get()
 3 SYSTEMPATH/CodeIgniter.php(934): App\Controllers\Home->searchRegions()
 4 SYSTEMPATH/CodeIgniter.php(499): CodeIgniter\CodeIgniter->runController(Object(App\Controllers\Home))
 5 SYSTEMPATH/CodeIgniter.php(368): CodeIgniter\CodeIgniter->handleRequest(null, Object(Config\Cache), false)
 6 FCPATH/index.php(67): CodeIgniter\CodeIgniter->run()
ERROR - 2024-06-24 04:19:34 --> mysqli_sql_exception: You have an error in your SQL syntax; check the manual that corresponds to your MySQL server version for the right syntax to use near 'LIKE '%%' ESCAPE '!'' at line 4 in /var/www/html/system/Database/MySQLi/Connection.php:295
Stack trace:
#0 /var/www/html/system/Database/MySQLi/Connection.php(295): mysqli->query('SELECT `a`.`Reg...', 0)
#1 /var/www/html/system/Database/BaseConnection.php(691): CodeIgniter\Database\MySQLi\Connection->execute('SELECT `a`.`Reg...')
#2 /var/www/html/system/Database/BaseConnection.php(605): CodeIgniter\Database\BaseConnection->simpleQuery('SELECT `a`.`Reg...')
#3 /var/www/html/system/Database/BaseBuilder.php(1602): CodeIgniter\Database\BaseConnection->query('SELECT `a`.`Reg...', Array, false)
#4 /var/www/html/app/Controllers/Home.php(306): CodeIgniter\Database\BaseBuilder->get()
#5 /var/www/html/system/CodeIgniter.php(934): App\Controllers\Home->searchRegions()
#6 /var/www/html/system/CodeIgniter.php(499): CodeIgniter\CodeIgniter->runController(Object(App\Controllers\Home))
#7 /var/www/html/system/CodeIgniter.php(368): CodeIgniter\CodeIgniter->handleRequest(NULL, Object(Config\Cache), false)
#8 /var/www/html/public/index.php(67): CodeIgniter\CodeIgniter->run()
#9 {main}
CRITICAL - 2024-06-24 04:19:34 --> You have an error in your SQL syntax; check the manual that corresponds to your MySQL server version for the right syntax to use near 'LIKE '%%' ESCAPE '!'' at line 4
in SYSTEMPATH/Database/BaseConnection.php on line 645.
 1 SYSTEMPATH/Database/BaseBuilder.php(1602): CodeIgniter\Database\BaseConnection->query('SELECT `a`.`RegionName`, `a`.`DateCreated`, `a`.`regionID`, `b`.`Name`
FROM `tblregion` `a`
LEFT JOIN `tblzone` `b` ON `b`.`zoneID`=`a`.`zoneID`
WHERE  LIKE :: ESCAPE \'!\'', [...], false)
 2 APPPATH/Controllers/Home.php(306): CodeIgniter\Database\BaseBuilder->get()
 3 SYSTEMPATH/CodeIgniter.php(934): App\Controllers\Home->searchRegions()
 4 SYSTEMPATH/CodeIgniter.php(499): CodeIgniter\CodeIgniter->runController(Object(App\Controllers\Home))
 5 SYSTEMPATH/CodeIgniter.php(368): CodeIgniter\CodeIgniter->handleRequest(null, Object(Config\Cache), false)
 6 FCPATH/index.php(67): CodeIgniter\CodeIgniter->run()
ERROR - 2024-06-24 04:19:35 --> mysqli_sql_exception: You have an error in your SQL syntax; check the manual that corresponds to your MySQL server version for the right syntax to use near 'LIKE '%%' ESCAPE '!'' at line 4 in /var/www/html/system/Database/MySQLi/Connection.php:295
Stack trace:
#0 /var/www/html/system/Database/MySQLi/Connection.php(295): mysqli->query('SELECT `a`.`Reg...', 0)
#1 /var/www/html/system/Database/BaseConnection.php(691): CodeIgniter\Database\MySQLi\Connection->execute('SELECT `a`.`Reg...')
#2 /var/www/html/system/Database/BaseConnection.php(605): CodeIgniter\Database\BaseConnection->simpleQuery('SELECT `a`.`Reg...')
#3 /var/www/html/system/Database/BaseBuilder.php(1602): CodeIgniter\Database\BaseConnection->query('SELECT `a`.`Reg...', Array, false)
#4 /var/www/html/app/Controllers/Home.php(306): CodeIgniter\Database\BaseBuilder->get()
#5 /var/www/html/system/CodeIgniter.php(934): App\Controllers\Home->searchRegions()
#6 /var/www/html/system/CodeIgniter.php(499): CodeIgniter\CodeIgniter->runController(Object(App\Controllers\Home))
#7 /var/www/html/system/CodeIgniter.php(368): CodeIgniter\CodeIgniter->handleRequest(NULL, Object(Config\Cache), false)
#8 /var/www/html/public/index.php(67): CodeIgniter\CodeIgniter->run()
#9 {main}
CRITICAL - 2024-06-24 04:19:35 --> You have an error in your SQL syntax; check the manual that corresponds to your MySQL server version for the right syntax to use near 'LIKE '%%' ESCAPE '!'' at line 4
in SYSTEMPATH/Database/BaseConnection.php on line 645.
 1 SYSTEMPATH/Database/BaseBuilder.php(1602): CodeIgniter\Database\BaseConnection->query('SELECT `a`.`RegionName`, `a`.`DateCreated`, `a`.`regionID`, `b`.`Name`
FROM `tblregion` `a`
LEFT JOIN `tblzone` `b` ON `b`.`zoneID`=`a`.`zoneID`
WHERE  LIKE :: ESCAPE \'!\'', [...], false)
 2 APPPATH/Controllers/Home.php(306): CodeIgniter\Database\BaseBuilder->get()
 3 SYSTEMPATH/CodeIgniter.php(934): App\Controllers\Home->searchRegions()
 4 SYSTEMPATH/CodeIgniter.php(499): CodeIgniter\CodeIgniter->runController(Object(App\Controllers\Home))
 5 SYSTEMPATH/CodeIgniter.php(368): CodeIgniter\CodeIgniter->handleRequest(null, Object(Config\Cache), false)
 6 FCPATH/index.php(67): CodeIgniter\CodeIgniter->run()
ERROR - 2024-06-24 04:19:43 --> mysqli_sql_exception: You have an error in your SQL syntax; check the manual that corresponds to your MySQL server version for the right syntax to use near 'LIKE '%%' ESCAPE '!'' at line 4 in /var/www/html/system/Database/MySQLi/Connection.php:295
Stack trace:
#0 /var/www/html/system/Database/MySQLi/Connection.php(295): mysqli->query('SELECT `a`.`Reg...', 0)
#1 /var/www/html/system/Database/BaseConnection.php(691): CodeIgniter\Database\MySQLi\Connection->execute('SELECT `a`.`Reg...')
#2 /var/www/html/system/Database/BaseConnection.php(605): CodeIgniter\Database\BaseConnection->simpleQuery('SELECT `a`.`Reg...')
#3 /var/www/html/system/Database/BaseBuilder.php(1602): CodeIgniter\Database\BaseConnection->query('SELECT `a`.`Reg...', Array, false)
#4 /var/www/html/app/Controllers/Home.php(306): CodeIgniter\Database\BaseBuilder->get()
#5 /var/www/html/system/CodeIgniter.php(934): App\Controllers\Home->searchRegions()
#6 /var/www/html/system/CodeIgniter.php(499): CodeIgniter\CodeIgniter->runController(Object(App\Controllers\Home))
#7 /var/www/html/system/CodeIgniter.php(368): CodeIgniter\CodeIgniter->handleRequest(NULL, Object(Config\Cache), false)
#8 /var/www/html/public/index.php(67): CodeIgniter\CodeIgniter->run()
#9 {main}
CRITICAL - 2024-06-24 04:19:43 --> You have an error in your SQL syntax; check the manual that corresponds to your MySQL server version for the right syntax to use near 'LIKE '%%' ESCAPE '!'' at line 4
in SYSTEMPATH/Database/BaseConnection.php on line 645.
 1 SYSTEMPATH/Database/BaseBuilder.php(1602): CodeIgniter\Database\BaseConnection->query('SELECT `a`.`RegionName`, `a`.`DateCreated`, `a`.`regionID`, `b`.`Name`
FROM `tblregion` `a`
LEFT JOIN `tblzone` `b` ON `b`.`zoneID`=`a`.`zoneID`
WHERE  LIKE :: ESCAPE \'!\'', [...], false)
 2 APPPATH/Controllers/Home.php(306): CodeIgniter\Database\BaseBuilder->get()
 3 SYSTEMPATH/CodeIgniter.php(934): App\Controllers\Home->searchRegions()
 4 SYSTEMPATH/CodeIgniter.php(499): CodeIgniter\CodeIgniter->runController(Object(App\Controllers\Home))
 5 SYSTEMPATH/CodeIgniter.php(368): CodeIgniter\CodeIgniter->handleRequest(null, Object(Config\Cache), false)
 6 FCPATH/index.php(67): CodeIgniter\CodeIgniter->run()
ERROR - 2024-06-24 04:19:43 --> mysqli_sql_exception: You have an error in your SQL syntax; check the manual that corresponds to your MySQL server version for the right syntax to use near 'LIKE '%%' ESCAPE '!'' at line 4 in /var/www/html/system/Database/MySQLi/Connection.php:295
Stack trace:
#0 /var/www/html/system/Database/MySQLi/Connection.php(295): mysqli->query('SELECT `a`.`Reg...', 0)
#1 /var/www/html/system/Database/BaseConnection.php(691): CodeIgniter\Database\MySQLi\Connection->execute('SELECT `a`.`Reg...')
#2 /var/www/html/system/Database/BaseConnection.php(605): CodeIgniter\Database\BaseConnection->simpleQuery('SELECT `a`.`Reg...')
#3 /var/www/html/system/Database/BaseBuilder.php(1602): CodeIgniter\Database\BaseConnection->query('SELECT `a`.`Reg...', Array, false)
#4 /var/www/html/app/Controllers/Home.php(306): CodeIgniter\Database\BaseBuilder->get()
#5 /var/www/html/system/CodeIgniter.php(934): App\Controllers\Home->searchRegions()
#6 /var/www/html/system/CodeIgniter.php(499): CodeIgniter\CodeIgniter->runController(Object(App\Controllers\Home))
#7 /var/www/html/system/CodeIgniter.php(368): CodeIgniter\CodeIgniter->handleRequest(NULL, Object(Config\Cache), false)
#8 /var/www/html/public/index.php(67): CodeIgniter\CodeIgniter->run()
#9 {main}
CRITICAL - 2024-06-24 04:19:43 --> You have an error in your SQL syntax; check the manual that corresponds to your MySQL server version for the right syntax to use near 'LIKE '%%' ESCAPE '!'' at line 4
in SYSTEMPATH/Database/BaseConnection.php on line 645.
 1 SYSTEMPATH/Database/BaseBuilder.php(1602): CodeIgniter\Database\BaseConnection->query('SELECT `a`.`RegionName`, `a`.`DateCreated`, `a`.`regionID`, `b`.`Name`
FROM `tblregion` `a`
LEFT JOIN `tblzone` `b` ON `b`.`zoneID`=`a`.`zoneID`
WHERE  LIKE :: ESCAPE \'!\'', [...], false)
 2 APPPATH/Controllers/Home.php(306): CodeIgniter\Database\BaseBuilder->get()
 3 SYSTEMPATH/CodeIgniter.php(934): App\Controllers\Home->searchRegions()
 4 SYSTEMPATH/CodeIgniter.php(499): CodeIgniter\CodeIgniter->runController(Object(App\Controllers\Home))
 5 SYSTEMPATH/CodeIgniter.php(368): CodeIgniter\CodeIgniter->handleRequest(null, Object(Config\Cache), false)
 6 FCPATH/index.php(67): CodeIgniter\CodeIgniter->run()
ERROR - 2024-06-24 04:19:43 --> mysqli_sql_exception: You have an error in your SQL syntax; check the manual that corresponds to your MySQL server version for the right syntax to use near 'LIKE '%%' ESCAPE '!'' at line 4 in /var/www/html/system/Database/MySQLi/Connection.php:295
Stack trace:
#0 /var/www/html/system/Database/MySQLi/Connection.php(295): mysqli->query('SELECT `a`.`Reg...', 0)
#1 /var/www/html/system/Database/BaseConnection.php(691): CodeIgniter\Database\MySQLi\Connection->execute('SELECT `a`.`Reg...')
#2 /var/www/html/system/Database/BaseConnection.php(605): CodeIgniter\Database\BaseConnection->simpleQuery('SELECT `a`.`Reg...')
#3 /var/www/html/system/Database/BaseBuilder.php(1602): CodeIgniter\Database\BaseConnection->query('SELECT `a`.`Reg...', Array, false)
#4 /var/www/html/app/Controllers/Home.php(306): CodeIgniter\Database\BaseBuilder->get()
#5 /var/www/html/system/CodeIgniter.php(934): App\Controllers\Home->searchRegions()
#6 /var/www/html/system/CodeIgniter.php(499): CodeIgniter\CodeIgniter->runController(Object(App\Controllers\Home))
#7 /var/www/html/system/CodeIgniter.php(368): CodeIgniter\CodeIgniter->handleRequest(NULL, Object(Config\Cache), false)
#8 /var/www/html/public/index.php(67): CodeIgniter\CodeIgniter->run()
#9 {main}
CRITICAL - 2024-06-24 04:19:43 --> You have an error in your SQL syntax; check the manual that corresponds to your MySQL server version for the right syntax to use near 'LIKE '%%' ESCAPE '!'' at line 4
in SYSTEMPATH/Database/BaseConnection.php on line 645.
 1 SYSTEMPATH/Database/BaseBuilder.php(1602): CodeIgniter\Database\BaseConnection->query('SELECT `a`.`RegionName`, `a`.`DateCreated`, `a`.`regionID`, `b`.`Name`
FROM `tblregion` `a`
LEFT JOIN `tblzone` `b` ON `b`.`zoneID`=`a`.`zoneID`
WHERE  LIKE :: ESCAPE \'!\'', [...], false)
 2 APPPATH/Controllers/Home.php(306): CodeIgniter\Database\BaseBuilder->get()
 3 SYSTEMPATH/CodeIgniter.php(934): App\Controllers\Home->searchRegions()
 4 SYSTEMPATH/CodeIgniter.php(499): CodeIgniter\CodeIgniter->runController(Object(App\Controllers\Home))
 5 SYSTEMPATH/CodeIgniter.php(368): CodeIgniter\CodeIgniter->handleRequest(null, Object(Config\Cache), false)
 6 FCPATH/index.php(67): CodeIgniter\CodeIgniter->run()
ERROR - 2024-06-24 04:19:45 --> mysqli_sql_exception: You have an error in your SQL syntax; check the manual that corresponds to your MySQL server version for the right syntax to use near 'LIKE '%%' ESCAPE '!'' at line 4 in /var/www/html/system/Database/MySQLi/Connection.php:295
Stack trace:
#0 /var/www/html/system/Database/MySQLi/Connection.php(295): mysqli->query('SELECT `a`.`Reg...', 0)
#1 /var/www/html/system/Database/BaseConnection.php(691): CodeIgniter\Database\MySQLi\Connection->execute('SELECT `a`.`Reg...')
#2 /var/www/html/system/Database/BaseConnection.php(605): CodeIgniter\Database\BaseConnection->simpleQuery('SELECT `a`.`Reg...')
#3 /var/www/html/system/Database/BaseBuilder.php(1602): CodeIgniter\Database\BaseConnection->query('SELECT `a`.`Reg...', Array, false)
#4 /var/www/html/app/Controllers/Home.php(306): CodeIgniter\Database\BaseBuilder->get()
#5 /var/www/html/system/CodeIgniter.php(934): App\Controllers\Home->searchRegions()
#6 /var/www/html/system/CodeIgniter.php(499): CodeIgniter\CodeIgniter->runController(Object(App\Controllers\Home))
#7 /var/www/html/system/CodeIgniter.php(368): CodeIgniter\CodeIgniter->handleRequest(NULL, Object(Config\Cache), false)
#8 /var/www/html/public/index.php(67): CodeIgniter\CodeIgniter->run()
#9 {main}
CRITICAL - 2024-06-24 04:19:45 --> You have an error in your SQL syntax; check the manual that corresponds to your MySQL server version for the right syntax to use near 'LIKE '%%' ESCAPE '!'' at line 4
in SYSTEMPATH/Database/BaseConnection.php on line 645.
 1 SYSTEMPATH/Database/BaseBuilder.php(1602): CodeIgniter\Database\BaseConnection->query('SELECT `a`.`RegionName`, `a`.`DateCreated`, `a`.`regionID`, `b`.`Name`
FROM `tblregion` `a`
LEFT JOIN `tblzone` `b` ON `b`.`zoneID`=`a`.`zoneID`
WHERE  LIKE :: ESCAPE \'!\'', [...], false)
 2 APPPATH/Controllers/Home.php(306): CodeIgniter\Database\BaseBuilder->get()
 3 SYSTEMPATH/CodeIgniter.php(934): App\Controllers\Home->searchRegions()
 4 SYSTEMPATH/CodeIgniter.php(499): CodeIgniter\CodeIgniter->runController(Object(App\Controllers\Home))
 5 SYSTEMPATH/CodeIgniter.php(368): CodeIgniter\CodeIgniter->handleRequest(null, Object(Config\Cache), false)
 6 FCPATH/index.php(67): CodeIgniter\CodeIgniter->run()
ERROR - 2024-06-24 04:19:46 --> mysqli_sql_exception: You have an error in your SQL syntax; check the manual that corresponds to your MySQL server version for the right syntax to use near 'LIKE '%%' ESCAPE '!'' at line 4 in /var/www/html/system/Database/MySQLi/Connection.php:295
Stack trace:
#0 /var/www/html/system/Database/MySQLi/Connection.php(295): mysqli->query('SELECT `a`.`Reg...', 0)
#1 /var/www/html/system/Database/BaseConnection.php(691): CodeIgniter\Database\MySQLi\Connection->execute('SELECT `a`.`Reg...')
#2 /var/www/html/system/Database/BaseConnection.php(605): CodeIgniter\Database\BaseConnection->simpleQuery('SELECT `a`.`Reg...')
#3 /var/www/html/system/Database/BaseBuilder.php(1602): CodeIgniter\Database\BaseConnection->query('SELECT `a`.`Reg...', Array, false)
#4 /var/www/html/app/Controllers/Home.php(306): CodeIgniter\Database\BaseBuilder->get()
#5 /var/www/html/system/CodeIgniter.php(934): App\Controllers\Home->searchRegions()
#6 /var/www/html/system/CodeIgniter.php(499): CodeIgniter\CodeIgniter->runController(Object(App\Controllers\Home))
#7 /var/www/html/system/CodeIgniter.php(368): CodeIgniter\CodeIgniter->handleRequest(NULL, Object(Config\Cache), false)
#8 /var/www/html/public/index.php(67): CodeIgniter\CodeIgniter->run()
#9 {main}
CRITICAL - 2024-06-24 04:19:46 --> You have an error in your SQL syntax; check the manual that corresponds to your MySQL server version for the right syntax to use near 'LIKE '%%' ESCAPE '!'' at line 4
in SYSTEMPATH/Database/BaseConnection.php on line 645.
 1 SYSTEMPATH/Database/BaseBuilder.php(1602): CodeIgniter\Database\BaseConnection->query('SELECT `a`.`RegionName`, `a`.`DateCreated`, `a`.`regionID`, `b`.`Name`
FROM `tblregion` `a`
LEFT JOIN `tblzone` `b` ON `b`.`zoneID`=`a`.`zoneID`
WHERE  LIKE :: ESCAPE \'!\'', [...], false)
 2 APPPATH/Controllers/Home.php(306): CodeIgniter\Database\BaseBuilder->get()
 3 SYSTEMPATH/CodeIgniter.php(934): App\Controllers\Home->searchRegions()
 4 SYSTEMPATH/CodeIgniter.php(499): CodeIgniter\CodeIgniter->runController(Object(App\Controllers\Home))
 5 SYSTEMPATH/CodeIgniter.php(368): CodeIgniter\CodeIgniter->handleRequest(null, Object(Config\Cache), false)
 6 FCPATH/index.php(67): CodeIgniter\CodeIgniter->run()
INFO - 2024-06-24 04:20:15 --> Session: Class initialized using 'CodeIgniter\Session\Handlers\FileHandler' driver.
INFO - 2024-06-24 04:21:24 --> Session: Class initialized using 'CodeIgniter\Session\Handlers\FileHandler' driver.
INFO - 2024-06-24 04:34:51 --> Session: Class initialized using 'CodeIgniter\Session\Handlers\FileHandler' driver.
INFO - 2024-06-24 04:42:13 --> Session: Class initialized using 'CodeIgniter\Session\Handlers\FileHandler' driver.
